
*** Running vivado
    with args -log pwm_led.vds -m64 -product Vivado -mode batch -messageDb vivado.pb -notrace -source pwm_led.tcl


ECHO est† desativado.
ECHO est† desativado.

****** Vivado v2023.2 (64-bit)
  **** SW Build 4029153 on Fri Oct 13 20:14:34 MDT 2023
  **** IP Build 4028589 on Sat Oct 14 00:45:43 MDT 2023
  **** SharedData Build 4025554 on Tue Oct 10 17:18:54 MDT 2023
    ** Copyright 1986-2022 Xilinx, Inc. All Rights Reserved.
    ** Copyright 2022-2023 Advanced Micro Devices, Inc. All Rights Reserved.

source pwm_led.tcl -notrace
create_project: Time (s): cpu = 00:00:07 ; elapsed = 00:00:07 . Memory (MB): peak = 510.680 ; gain = 215.098
Command: read_checkpoint -auto_incremental -incremental C:/Users/davic/pwm_basic/pwm_basic.srcs/utils_1/imports/synth_1/pwm_led.dcp
INFO: [Vivado 12-5825] Read reference checkpoint from C:/Users/davic/pwm_basic/pwm_basic.srcs/utils_1/imports/synth_1/pwm_led.dcp for incremental synthesis
INFO: [Vivado 12-7989] Please ensure there are no constraint changes
Command: synth_design -top pwm_led -part xc7a100tcsg324-1
Starting synth_design
Attempting to get a license for feature 'Synthesis' and/or device 'xc7a100t'
INFO: [Common 17-349] Got license for feature 'Synthesis' and/or device 'xc7a100t'
INFO: [Device 21-403] Loading part xc7a100tcsg324-1
INFO: [Designutils 20-5440] No compile time benefit to using incremental synthesis; A full resynthesis will be run
INFO: [Designutils 20-4379] Flow is switching to default flow due to incremental criteria not met. If you would like to alter this behaviour and have the flow terminate instead, please set the following parameter config_implementation {autoIncr.Synth.RejectBehavior Terminate}
INFO: [Synth 8-7079] Multithreading enabled for synth_design using a maximum of 2 processes.
INFO: [Synth 8-7078] Launching helper process for spawning children vivado processes
WARNING: [Common 17-1361] You have specified a new message control rule that is equivalent to an existing rule with attributes ' -id {17-179}  -suppress '. The existing rule will be replaced.
INFO: [Synth 8-7075] Helper process launched with PID 14364
---------------------------------------------------------------------------------
Starting RTL Elaboration : Time (s): cpu = 00:00:06 ; elapsed = 00:00:06 . Memory (MB): peak = 1360.406 ; gain = 441.227
---------------------------------------------------------------------------------
INFO: [Synth 8-6157] synthesizing module 'pwm_led' [C:/Users/davic/pwm_basic/pwm_basic.srcs/sources_1/new/pwm_led.v:23]
INFO: [Synth 8-226] default block is never used [C:/Users/davic/pwm_basic/pwm_basic.srcs/sources_1/new/pwm_led.v:49]
INFO: [Synth 8-6157] synthesizing module 'pwm_improved' [C:/Users/davic/pwm_basic/pwm_basic.srcs/sources_1/new/pwm_improved.v:23]
	Parameter R bound to: 8 - type: integer 
	Parameter TIMER_BITS bound to: 16 - type: integer 
INFO: [Synth 8-6157] synthesizing module 'timer_input' [C:/Users/davic/pwm_basic/pwm_basic.srcs/sources_1/new/timer_input.v:23]
	Parameter BITS bound to: 16 - type: integer 
INFO: [Synth 8-6155] done synthesizing module 'timer_input' (0#1) [C:/Users/davic/pwm_basic/pwm_basic.srcs/sources_1/new/timer_input.v:23]
INFO: [Synth 8-6155] done synthesizing module 'pwm_improved' (0#1) [C:/Users/davic/pwm_basic/pwm_basic.srcs/sources_1/new/pwm_improved.v:23]
INFO: [Synth 8-6157] synthesizing module 'debouncer_delayed' [C:/Users/davic/pwm_basic/pwm_basic.srcs/sources_1/new/debouncer_delayed.v:23]
INFO: [Synth 8-6157] synthesizing module 'debouncer_delayed_FSM' [C:/Users/davic/pwm_basic/pwm_basic.srcs/sources_1/new/debouncer_delayed_FSM.v:23]
INFO: [Synth 8-226] default block is never used [C:/Users/davic/pwm_basic/pwm_basic.srcs/sources_1/new/debouncer_delayed_FSM.v:47]
INFO: [Synth 8-6155] done synthesizing module 'debouncer_delayed_FSM' (0#1) [C:/Users/davic/pwm_basic/pwm_basic.srcs/sources_1/new/debouncer_delayed_FSM.v:23]
INFO: [Synth 8-6157] synthesizing module 'timer_input__parameterized0' [C:/Users/davic/pwm_basic/pwm_basic.srcs/sources_1/new/timer_input.v:23]
	Parameter BITS bound to: 20 - type: integer 
INFO: [Synth 8-6155] done synthesizing module 'timer_input__parameterized0' (0#1) [C:/Users/davic/pwm_basic/pwm_basic.srcs/sources_1/new/timer_input.v:23]
INFO: [Synth 8-6155] done synthesizing module 'debouncer_delayed' (0#1) [C:/Users/davic/pwm_basic/pwm_basic.srcs/sources_1/new/debouncer_delayed.v:23]
INFO: [Synth 8-6157] synthesizing module 'edge_detector' [C:/Users/davic/pwm_basic/pwm_basic.srcs/sources_1/new/edge_detector.v:45]
INFO: [Synth 8-6155] done synthesizing module 'edge_detector' (0#1) [C:/Users/davic/pwm_basic/pwm_basic.srcs/sources_1/new/edge_detector.v:45]
INFO: [Synth 8-6155] done synthesizing module 'pwm_led' (0#1) [C:/Users/davic/pwm_basic/pwm_basic.srcs/sources_1/new/pwm_led.v:23]
---------------------------------------------------------------------------------
Finished RTL Elaboration : Time (s): cpu = 00:00:07 ; elapsed = 00:00:08 . Memory (MB): peak = 1468.426 ; gain = 549.246
---------------------------------------------------------------------------------
---------------------------------------------------------------------------------
Start Handling Custom Attributes
---------------------------------------------------------------------------------
---------------------------------------------------------------------------------
Finished Handling Custom Attributes : Time (s): cpu = 00:00:07 ; elapsed = 00:00:08 . Memory (MB): peak = 1468.426 ; gain = 549.246
---------------------------------------------------------------------------------
---------------------------------------------------------------------------------
Finished RTL Optimization Phase 1 : Time (s): cpu = 00:00:07 ; elapsed = 00:00:08 . Memory (MB): peak = 1468.426 ; gain = 549.246
---------------------------------------------------------------------------------
Netlist sorting complete. Time (s): cpu = 00:00:00 ; elapsed = 00:00:00.002 . Memory (MB): peak = 1468.426 ; gain = 0.000
INFO: [Project 1-570] Preparing netlist for logic optimization

Processing XDC Constraints
Initializing timing engine
Parsing XDC File [C:/Users/davic/pwm_basic/pwm_basic.srcs/constrs_1/imports/Documents/Nexys-A7-100T-Master.xdc]
Finished Parsing XDC File [C:/Users/davic/pwm_basic/pwm_basic.srcs/constrs_1/imports/Documents/Nexys-A7-100T-Master.xdc]
INFO: [Project 1-236] Implementation specific constraints were found while reading constraint file [C:/Users/davic/pwm_basic/pwm_basic.srcs/constrs_1/imports/Documents/Nexys-A7-100T-Master.xdc]. These constraints will be ignored for synthesis but will be used in implementation. Impacted constraints are listed in the file [.Xil/pwm_led_propImpl.xdc].
Resolution: To avoid this warning, move constraints listed in [.Xil/pwm_led_propImpl.xdc] to another XDC file and exclude this new file from synthesis with the used_in_synthesis property (File Properties dialog in GUI) and re-run elaboration/synthesis.
Completed Processing XDC Constraints

Netlist sorting complete. Time (s): cpu = 00:00:00 ; elapsed = 00:00:00.001 . Memory (MB): peak = 1565.875 ; gain = 0.000
INFO: [Project 1-111] Unisim Transformation Summary:
No Unisim elements were transformed.

O sistema n∆o pode encontrar o caminho especificado.
Constraint Validation Runtime : Time (s): cpu = 00:00:00 ; elapsed = 00:00:00.002 . Memory (MB): peak = 1565.875 ; gain = 0.000
INFO: [Designutils 20-5440] No compile time benefit to using incremental synthesis; A full resynthesis will be run
INFO: [Designutils 20-4379] Flow is switching to default flow due to incremental criteria not met. If you would like to alter this behaviour and have the flow terminate instead, please set the following parameter config_implementation {autoIncr.Synth.RejectBehavior Terminate}
---------------------------------------------------------------------------------
Finished Constraint Validation : Time (s): cpu = 00:00:18 ; elapsed = 00:00:19 . Memory (MB): peak = 1565.875 ; gain = 646.695
---------------------------------------------------------------------------------
---------------------------------------------------------------------------------
Start Loading Part and Timing Information
---------------------------------------------------------------------------------
Loading part: xc7a100tcsg324-1
---------------------------------------------------------------------------------
Finished Loading Part and Timing Information : Time (s): cpu = 00:00:18 ; elapsed = 00:00:19 . Memory (MB): peak = 1565.875 ; gain = 646.695
---------------------------------------------------------------------------------
---------------------------------------------------------------------------------
Start Applying 'set_property' XDC Constraints
---------------------------------------------------------------------------------
---------------------------------------------------------------------------------
Finished applying 'set_property' XDC Constraints : Time (s): cpu = 00:00:18 ; elapsed = 00:00:19 . Memory (MB): peak = 1565.875 ; gain = 646.695
---------------------------------------------------------------------------------
INFO: [Synth 8-802] inferred FSM for state register 'state_reg_reg' in module 'debouncer_delayed_FSM'
INFO: [Synth 8-802] inferred FSM for state register 'state_reg_reg' in module 'edge_detector'
---------------------------------------------------------------------------------------------------
                   State |                     New Encoding |                Previous Encoding 
---------------------------------------------------------------------------------------------------
                      s0 |                               01 |                               00
                      s1 |                               11 |                               01
                      s2 |                               10 |                               10
                      s3 |                               00 |                               11
---------------------------------------------------------------------------------------------------
INFO: [Synth 8-3354] encoded FSM with state register 'state_reg_reg' using encoding 'sequential' in module 'debouncer_delayed_FSM'
---------------------------------------------------------------------------------------------------
                   State |                     New Encoding |                Previous Encoding 
---------------------------------------------------------------------------------------------------
                      s0 |                                0 |                               00
                      s1 |                                1 |                               01
---------------------------------------------------------------------------------------------------
INFO: [Synth 8-3354] encoded FSM with state register 'state_reg_reg' using encoding 'sequential' in module 'edge_detector'
---------------------------------------------------------------------------------
Finished RTL Optimization Phase 2 : Time (s): cpu = 00:00:18 ; elapsed = 00:00:19 . Memory (MB): peak = 1565.875 ; gain = 646.695
---------------------------------------------------------------------------------
---------------------------------------------------------------------------------
Start RTL Component Statistics 
---------------------------------------------------------------------------------
Detailed RTL Component Info : 
+---Adders : 
	   2 Input    8 Bit       Adders := 1     
	   2 Input    2 Bit       Adders := 1     
+---Registers : 
	                8 Bit    Registers := 2     
	                2 Bit    Registers := 1     
+---Muxes : 
	   4 Input    9 Bit        Muxes := 1     
	   4 Input    2 Bit        Muxes := 2     
	   2 Input    2 Bit        Muxes := 13    
	   2 Input    1 Bit        Muxes := 17    
	   4 Input    1 Bit        Muxes := 2     
---------------------------------------------------------------------------------
Finished RTL Component Statistics 
---------------------------------------------------------------------------------
---------------------------------------------------------------------------------
Start Part Resource Summary
---------------------------------------------------------------------------------
Part Resources:
DSPs: 240 (col length:80)
BRAMs: 270 (col length: RAMB18 80 RAMB36 40)
---------------------------------------------------------------------------------
Finished Part Resource Summary
---------------------------------------------------------------------------------
---------------------------------------------------------------------------------
Start Cross Boundary and Area Optimization
---------------------------------------------------------------------------------
WARNING: [Synth 8-7080] Parallel synthesis criteria is not met
---------------------------------------------------------------------------------
Finished Cross Boundary and Area Optimization : Time (s): cpu = 00:00:20 ; elapsed = 00:00:22 . Memory (MB): peak = 1565.875 ; gain = 646.695
---------------------------------------------------------------------------------
---------------------------------------------------------------------------------
Start Applying XDC Timing Constraints
---------------------------------------------------------------------------------
---------------------------------------------------------------------------------
Finished Applying XDC Timing Constraints : Time (s): cpu = 00:00:26 ; elapsed = 00:00:27 . Memory (MB): peak = 1565.875 ; gain = 646.695
---------------------------------------------------------------------------------
---------------------------------------------------------------------------------
Start Timing Optimization
---------------------------------------------------------------------------------
---------------------------------------------------------------------------------
Finished Timing Optimization : Time (s): cpu = 00:00:26 ; elapsed = 00:00:27 . Memory (MB): peak = 1565.875 ; gain = 646.695
---------------------------------------------------------------------------------
---------------------------------------------------------------------------------
Start Technology Mapping
---------------------------------------------------------------------------------
---------------------------------------------------------------------------------
Finished Technology Mapping : Time (s): cpu = 00:00:26 ; elapsed = 00:00:27 . Memory (MB): peak = 1565.875 ; gain = 646.695
---------------------------------------------------------------------------------
---------------------------------------------------------------------------------
Start IO Insertion
---------------------------------------------------------------------------------
---------------------------------------------------------------------------------
Start Flattening Before IO Insertion
---------------------------------------------------------------------------------
---------------------------------------------------------------------------------
Finished Flattening Before IO Insertion
---------------------------------------------------------------------------------
---------------------------------------------------------------------------------
Start Final Netlist Cleanup
---------------------------------------------------------------------------------
---------------------------------------------------------------------------------
Finished Final Netlist Cleanup
---------------------------------------------------------------------------------
---------------------------------------------------------------------------------
Finished IO Insertion : Time (s): cpu = 00:00:32 ; elapsed = 00:00:33 . Memory (MB): peak = 1565.875 ; gain = 646.695
---------------------------------------------------------------------------------
---------------------------------------------------------------------------------
Start Renaming Generated Instances
---------------------------------------------------------------------------------
---------------------------------------------------------------------------------
Finished Renaming Generated Instances : Time (s): cpu = 00:00:32 ; elapsed = 00:00:33 . Memory (MB): peak = 1565.875 ; gain = 646.695
---------------------------------------------------------------------------------
---------------------------------------------------------------------------------
Start Rebuilding User Hierarchy
---------------------------------------------------------------------------------
---------------------------------------------------------------------------------
Finished Rebuilding User Hierarchy : Time (s): cpu = 00:00:32 ; elapsed = 00:00:33 . Memory (MB): peak = 1565.875 ; gain = 646.695
---------------------------------------------------------------------------------
---------------------------------------------------------------------------------
Start Renaming Generated Ports
---------------------------------------------------------------------------------
---------------------------------------------------------------------------------
Finished Renaming Generated Ports : Time (s): cpu = 00:00:32 ; elapsed = 00:00:33 . Memory (MB): peak = 1565.875 ; gain = 646.695
---------------------------------------------------------------------------------
---------------------------------------------------------------------------------
Start Handling Custom Attributes
---------------------------------------------------------------------------------
---------------------------------------------------------------------------------
Finished Handling Custom Attributes : Time (s): cpu = 00:00:32 ; elapsed = 00:00:33 . Memory (MB): peak = 1565.875 ; gain = 646.695
---------------------------------------------------------------------------------
---------------------------------------------------------------------------------
Start Renaming Generated Nets
---------------------------------------------------------------------------------
---------------------------------------------------------------------------------
Finished Renaming Generated Nets : Time (s): cpu = 00:00:32 ; elapsed = 00:00:33 . Memory (MB): peak = 1565.875 ; gain = 646.695
---------------------------------------------------------------------------------
---------------------------------------------------------------------------------
Start Writing Synthesis Report
---------------------------------------------------------------------------------

Report BlackBoxes: 
+-+--------------+----------+
| |BlackBox name |Instances |
+-+--------------+----------+
+-+--------------+----------+

Report Cell Usage: 
+------+-------+------+
|      |Cell   |Count |
+------+-------+------+
|1     |BUFG   |     1|
|2     |CARRY4 |    14|
|3     |LUT1   |    15|
|4     |LUT2   |    48|
|5     |LUT3   |     2|
|6     |LUT4   |    14|
|7     |LUT5   |     3|
|8     |LUT6   |    15|
|9     |FDCE   |    71|
|10    |FDPE   |     2|
|11    |IBUF   |     4|
|12    |OBUF   |     1|
+------+-------+------+
---------------------------------------------------------------------------------
Finished Writing Synthesis Report : Time (s): cpu = 00:00:32 ; elapsed = 00:00:33 . Memory (MB): peak = 1565.875 ; gain = 646.695
---------------------------------------------------------------------------------
Synthesis finished with 0 errors, 0 critical warnings and 1 warnings.
Synthesis Optimization Runtime : Time (s): cpu = 00:00:23 ; elapsed = 00:00:31 . Memory (MB): peak = 1565.875 ; gain = 549.246
Synthesis Optimization Complete : Time (s): cpu = 00:00:32 ; elapsed = 00:00:33 . Memory (MB): peak = 1565.875 ; gain = 646.695
INFO: [Project 1-571] Translating synthesized netlist
Netlist sorting complete. Time (s): cpu = 00:00:00 ; elapsed = 00:00:00.002 . Memory (MB): peak = 1565.875 ; gain = 0.000
INFO: [Netlist 29-17] Analyzing 14 Unisim elements for replacement
INFO: [Netlist 29-28] Unisim Transformation completed in 0 CPU seconds
INFO: [Project 1-570] Preparing netlist for logic optimization
INFO: [Opt 31-138] Pushed 0 inverter(s) to 0 load pin(s).
Netlist sorting complete. Time (s): cpu = 00:00:00 ; elapsed = 00:00:00 . Memory (MB): peak = 1565.875 ; gain = 0.000
INFO: [Project 1-111] Unisim Transformation Summary:
No Unisim elements were transformed.

O sistema n∆o pode encontrar o caminho especificado.
Synth Design complete | Checksum: a43b21ca
INFO: [Common 17-83] Releasing license: Synthesis
41 Infos, 2 Warnings, 0 Critical Warnings and 0 Errors encountered.
synth_design completed successfully
synth_design: Time (s): cpu = 00:00:37 ; elapsed = 00:00:39 . Memory (MB): peak = 1565.875 ; gain = 1052.199
Write ShapeDB Complete: Time (s): cpu = 00:00:00 ; elapsed = 00:00:00.002 . Memory (MB): peak = 1565.875 ; gain = 0.000
INFO: [Common 17-1381] The checkpoint 'C:/Users/davic/pwm_basic/pwm_basic.runs/synth_1/pwm_led.dcp' has been generated.
INFO: [runtcl-4] Executing : report_utilization -file pwm_led_utilization_synth.rpt -pb pwm_led_utilization_synth.pb
INFO: [Common 17-206] Exiting Vivado at Wed Jul  3 15:10:52 2024...
